c:\projects\clr\clr\debug\vc120.pdb
c:\projects\clr\clr\debug\.netframework,version=v4.5.assemblyattributes.obj
c:\projects\clr\clr\debug\mainform.obj
c:\projects\clr\clr\debug\clr.mainform.resources
c:\projects\clr\debug\clr.exe
c:\projects\clr\debug\clr.pdb
e:\proj\opencv_rep\clr_cv_without_opencv\clr\clr\debug\clr.vcxproj.generateresource.cache
e:\proj\opencv_rep\clr_cv_without_opencv\clr\clr\debug\clr.vcxprojresolveassemblyreference.cache
e:\proj\opencv_rep\clr_cv_without_opencv\clr\clr\debug\.netframework,version=v4.5.assemblyattributes.obj
e:\proj\opencv_rep\clr_cv_without_opencv\clr\clr\debug\mainform.obj
e:\proj\opencv_rep\clr_cv_without_opencv\clr\clr\debug\clr.mainform.resources
e:\proj\opencv_rep\clr_cv_without_opencv\clr\clr\debug\vc120.pdb
e:\proj\opencv_rep\clr_cv_without_opencv\clr\debug\clr.pdb
e:\proj\opencv_rep\clr_cv_without_opencv\clr\debug\clr.exe
e:\proj\opencv_rep\clr_cv_without_opencv\clr\clr\debug\clr.tlog\cl.command.1.tlog
e:\proj\opencv_rep\clr_cv_without_opencv\clr\clr\debug\clr.tlog\cl.read.1.tlog
e:\proj\opencv_rep\clr_cv_without_opencv\clr\clr\debug\clr.tlog\cl.write.1.tlog
e:\proj\opencv_rep\clr_cv_without_opencv\clr\clr\debug\clr.tlog\clr.write.1u.tlog
e:\proj\opencv_rep\clr_cv_without_opencv\clr\clr\debug\clr.tlog\link.command.1.tlog
e:\proj\opencv_rep\clr_cv_without_opencv\clr\clr\debug\clr.tlog\link.read.1.tlog
e:\proj\opencv_rep\clr_cv_without_opencv\clr\clr\debug\clr.tlog\link.write.1.tlog
e:\proj\opencv_rep\clr_cv_without_opencv\clr\clr\debug\clr.tlog\metagen.read.1.tlog
e:\proj\opencv_rep\clr_cv_without_opencv\clr\clr\debug\clr.tlog\metagen.write.1.tlog
e:\proj\opencv_rep\clr_cv_without_opencv\clr\clr\debug\clr.tlog\rsaenh.dll.bi
e:\proj\opencv_rep\clr_cv_without_opencv\clr\clr\debug\clr.tlog\tzres.dll.bi
